Not Found: /favicon.ico
Not Found: /favicon.ico
Not Found: /favicon.ico
Not Found: /favicon.ico
Not Found: /favicon.ico
Not Found: /favicon.ico
Not Found: /favicon.ico
Not Found: /favicon.ico
Not Found: /favicon.ico
Not Found: /favicon.ico
Not Found: /favicon.ico
Not Found: /favicon.ico
Not Found: /favicon.ico
Not Found: /favicon.ico
Not Found: /favicon.ico
Not Found: /favicon.ico
Not Found: /favicon.ico
Not Found: /favicon.ico
Not Found: /favicon.ico
Not Found: /favicon.ico
Not Found: /favicon.ico
Not Found: /favicon.ico
Not Found: /favicon.ico
Not Found: /favicon.ico
Not Found: /favicon.ico
Not Found: /favicon.ico
Not Found: /favicon.ico
Not Found: /favicon.ico
Not Found: /favicon.ico
Not Found: /favicon.ico
Not Found: /favicon.ico
Not Found: /favicon.ico
Not Found: /favicon.ico
[2019-05-18 14:24:37 +0800] [984] [CRITICAL] WORKER TIMEOUT (pid:1160)
[2019-05-18 14:24:37 +0800] [984] [CRITICAL] WORKER TIMEOUT (pid:1161)
[2019-05-18 14:24:37 +0800] [984] [CRITICAL] WORKER TIMEOUT (pid:1162)
Not Found: /favicon.ico
Not Found: /favicon.ico
Not Found: /favicon.ico
Not Found: /favicon.ico
Not Found: /favicon.ico
Content-Type: text/plain; charset="utf-8"
MIME-Version: 1.0
Content-Transfer-Encoding: 7bit
Subject: [Sistem Inventori Koperasi] Please reset your password
From: webmaster@localhost
To: elviswong2002@hotmail.com
Date: Sat, 18 May 2019 07:00:51 -0000
Message-ID: <155816285183.1183.13572049844146606224@raspberrypi>

Hi there,

Someone asked for a password reset for the email address elviswong2002@hotmail.com.
Follow the link below:
http://camhu3.ddns.net/reset/Mg/56f-cd601c6e959e5aacfdb9/

In case you forgot your Sistem Inventori Koperasi username: TangYewHuang

If clicking the link above doesn't work, please copy and paste the URL
in a new browser window instead.

If you've received this mail in error, it's likely that another user entered
your email address by mistake while trying to reset a password. If you didn't
initiate the request, you don't need to take any further action and can safely
disregard this email.

Thanks,

The Sistem Inventori Koperasi Team

-------------------------------------------------------------------------------
Not Found: /favicon.ico
Not Found: /favicon.ico
Not Found: /favicon.ico
Not Found: /favicon.ico
Not Found: /favicon.ico
[2019-05-19 07:12:09 +0800] [989] [CRITICAL] WORKER TIMEOUT (pid:1148)
[2019-05-19 07:12:09 +0800] [989] [CRITICAL] WORKER TIMEOUT (pid:1133)
[2019-05-19 07:12:09 +0800] [989] [CRITICAL] WORKER TIMEOUT (pid:1142)
Not Found: /favicon.ico
[2019-05-19 16:23:34 +0800] [1037] [CRITICAL] WORKER TIMEOUT (pid:1185)
[2019-05-19 16:23:34 +0800] [1037] [CRITICAL] WORKER TIMEOUT (pid:1187)
[2019-05-19 16:23:34 +0800] [1037] [CRITICAL] WORKER TIMEOUT (pid:1181)
Not Found: /favicon.ico
[2019-05-19 22:37:34 +0800] [1181] [CRITICAL] WORKER TIMEOUT (pid:1344)
[2019-05-19 22:37:34 +0800] [1181] [CRITICAL] WORKER TIMEOUT (pid:1341)
[2019-05-19 22:37:34 +0800] [1181] [CRITICAL] WORKER TIMEOUT (pid:1342)
[2019-05-20 05:49:24 +0800] [1065] [CRITICAL] WORKER TIMEOUT (pid:1184)
[2019-05-20 05:49:24 +0800] [1065] [CRITICAL] WORKER TIMEOUT (pid:1185)
[2019-05-20 05:49:24 +0800] [1065] [CRITICAL] WORKER TIMEOUT (pid:1182)
[2019-05-20 19:59:21 +0800] [1048] [CRITICAL] WORKER TIMEOUT (pid:1179)
[2019-05-20 19:59:21 +0800] [1048] [CRITICAL] WORKER TIMEOUT (pid:1180)
[2019-05-20 19:59:21 +0800] [1048] [CRITICAL] WORKER TIMEOUT (pid:1182)
[2019-05-21 05:24:03 +0800] [1040] [CRITICAL] WORKER TIMEOUT (pid:1165)
[2019-05-21 05:24:03 +0800] [1040] [CRITICAL] WORKER TIMEOUT (pid:1166)
[2019-05-21 05:24:03 +0800] [1040] [CRITICAL] WORKER TIMEOUT (pid:1167)
[2019-05-21 16:29:01 +0800] [967] [CRITICAL] WORKER TIMEOUT (pid:1138)
[2019-05-21 16:29:01 +0800] [967] [CRITICAL] WORKER TIMEOUT (pid:1149)
[2019-05-21 16:29:01 +0800] [967] [CRITICAL] WORKER TIMEOUT (pid:1143)
[2019-05-22 05:28:50 +0800] [1066] [CRITICAL] WORKER TIMEOUT (pid:1184)
[2019-05-22 05:28:50 +0800] [1066] [CRITICAL] WORKER TIMEOUT (pid:1185)
[2019-05-22 05:28:50 +0800] [1066] [CRITICAL] WORKER TIMEOUT (pid:1183)
[2019-05-22 18:28:34 +0800] [990] [CRITICAL] WORKER TIMEOUT (pid:1160)
[2019-05-22 18:28:34 +0800] [990] [CRITICAL] WORKER TIMEOUT (pid:1172)
[2019-05-22 18:28:34 +0800] [990] [CRITICAL] WORKER TIMEOUT (pid:1173)
[2019-05-23 05:24:31 +0800] [1154] [CRITICAL] WORKER TIMEOUT (pid:1337)
[2019-05-23 05:24:31 +0800] [1154] [CRITICAL] WORKER TIMEOUT (pid:1339)
[2019-05-23 05:24:31 +0800] [1154] [CRITICAL] WORKER TIMEOUT (pid:1334)
Not Found: /favicon.ico
Not Found: /favicon.ico
Not Found: /favicon.ico
Not Found: /favicon.ico
Not Found: /favicon.ico
Not Found: /favicon.ico
Not Found: /favicon.ico
[2019-05-24 05:38:19 +0800] [1032] [CRITICAL] WORKER TIMEOUT (pid:1161)
[2019-05-24 05:38:19 +0800] [1032] [CRITICAL] WORKER TIMEOUT (pid:1163)
[2019-05-24 05:38:19 +0800] [1032] [CRITICAL] WORKER TIMEOUT (pid:1158)
Not Found: /apple-touch-icon-precomposed.png
Not Found: /apple-touch-icon.png
Not Found: /apple-touch-icon-precomposed.png
Not Found: /apple-touch-icon.png
Not Found: /favicon.ico
Not Found: /apple-touch-icon-precomposed.png
Not Found: /apple-touch-icon.png
Not Found: /favicon.ico
Not Found: /apple-touch-icon-precomposed.png
Not Found: /apple-touch-icon.png
Not Found: /favicon.ico
Not Found: /apple-touch-icon-precomposed.png
Not Found: /apple-touch-icon.png
Not Found: /favicon.ico
Not Found: /apple-touch-icon-precomposed.png
Not Found: /apple-touch-icon.png
Not Found: /favicon.ico
Not Found: /apple-touch-icon-precomposed.png
Not Found: /apple-touch-icon.png
Not Found: /favicon.ico
Not Found: /apple-touch-icon-precomposed.png
Not Found: /apple-touch-icon.png
Not Found: /favicon.ico
Not Found: /apple-touch-icon-precomposed.png
Not Found: /apple-touch-icon.png
Not Found: /favicon.ico
Not Found: /apple-touch-icon-precomposed.png
Not Found: /apple-touch-icon.png
Not Found: /favicon.ico
Not Found: /favicon.ico
Not Found: /favicon.ico
Not Found: /favicon.ico
Not Found: /favicon.ico
Not Found: /favicon.ico
Not Found: /favicon.ico
[2019-05-24 19:27:00 +0800] [1186] [CRITICAL] WORKER TIMEOUT (pid:1360)
[2019-05-24 19:27:00 +0800] [1186] [CRITICAL] WORKER TIMEOUT (pid:1361)
[2019-05-24 19:27:00 +0800] [1186] [CRITICAL] WORKER TIMEOUT (pid:1358)
Not Found: /favicon.ico
Not Found: /favicon.ico
[2019-05-25 08:48:37 +0800] [1182] [CRITICAL] WORKER TIMEOUT (pid:1363)
[2019-05-25 08:48:37 +0800] [1182] [CRITICAL] WORKER TIMEOUT (pid:1357)
[2019-05-25 08:48:37 +0800] [1182] [CRITICAL] WORKER TIMEOUT (pid:1350)
[2019-05-25 10:37:07 +0800] [1029] [CRITICAL] WORKER TIMEOUT (pid:1164)
[2019-05-25 10:37:07 +0800] [1029] [CRITICAL] WORKER TIMEOUT (pid:1165)
[2019-05-25 10:37:07 +0800] [1029] [CRITICAL] WORKER TIMEOUT (pid:1166)
[2019-05-25 15:17:14 +0800] [1034] [CRITICAL] WORKER TIMEOUT (pid:1152)
[2019-05-25 15:17:14 +0800] [1034] [CRITICAL] WORKER TIMEOUT (pid:1158)
[2019-05-25 15:17:14 +0800] [1034] [CRITICAL] WORKER TIMEOUT (pid:1159)
Not Found: /favicon.ico
[2019-05-26 07:08:40 +0800] [1229] [CRITICAL] WORKER TIMEOUT (pid:1352)
[2019-05-26 07:08:40 +0800] [1229] [CRITICAL] WORKER TIMEOUT (pid:1353)
[2019-05-26 07:08:40 +0800] [1229] [CRITICAL] WORKER TIMEOUT (pid:1356)
Not Found: /favicon.ico
[2019-05-26 13:08:57 +0800] [1234] [CRITICAL] WORKER TIMEOUT (pid:1353)
[2019-05-26 13:08:57 +0800] [1234] [CRITICAL] WORKER TIMEOUT (pid:1354)
[2019-05-26 13:08:57 +0800] [1234] [CRITICAL] WORKER TIMEOUT (pid:1355)
Not Found: /favicon.ico
[2019-05-27 11:18:43 +0800] [993] [CRITICAL] WORKER TIMEOUT (pid:1168)
[2019-05-27 11:18:43 +0800] [993] [CRITICAL] WORKER TIMEOUT (pid:1165)
[2019-05-27 11:18:43 +0800] [993] [CRITICAL] WORKER TIMEOUT (pid:1167)
[2019-05-27 21:05:30 +0800] [987] [CRITICAL] WORKER TIMEOUT (pid:1168)
[2019-05-27 21:05:30 +0800] [987] [CRITICAL] WORKER TIMEOUT (pid:1162)
[2019-05-27 21:05:30 +0800] [987] [CRITICAL] WORKER TIMEOUT (pid:1171)
[2019-05-28 07:47:26 +0800] [1180] [CRITICAL] WORKER TIMEOUT (pid:1315)
[2019-05-28 07:47:26 +0800] [1180] [CRITICAL] WORKER TIMEOUT (pid:1318)
[2019-05-28 07:47:26 +0800] [1180] [CRITICAL] WORKER TIMEOUT (pid:1319)
[2019-05-29 04:29:51 +0800] [1152] [CRITICAL] WORKER TIMEOUT (pid:1336)
[2019-05-29 04:29:51 +0800] [1152] [CRITICAL] WORKER TIMEOUT (pid:1332)
[2019-05-29 04:29:51 +0800] [1152] [CRITICAL] WORKER TIMEOUT (pid:1335)
Not Found: /favicon.ico
Not Found: /favicon.ico
Not Found: /apple-touch-icon-precomposed.png
Not Found: /apple-touch-icon.png
Not Found: /favicon.ico
Not Found: /apple-touch-icon-precomposed.png
Not Found: /apple-touch-icon.png
Not Found: /favicon.ico
Not Found: /apple-touch-icon-precomposed.png
Not Found: /apple-touch-icon.png
Not Found: /favicon.ico
Not Found: /apple-touch-icon-precomposed.png
Not Found: /apple-touch-icon.png
Not Found: /favicon.ico
Not Found: /favicon.ico
[2019-06-03 18:43:37 +0800] [1197] [CRITICAL] WORKER TIMEOUT (pid:1353)
[2019-06-03 18:43:37 +0800] [1197] [CRITICAL] WORKER TIMEOUT (pid:1354)
[2019-06-03 18:43:37 +0800] [1197] [CRITICAL] WORKER TIMEOUT (pid:1350)
Not Found: /favicon.ico
[2019-06-04 09:04:52 +0800] [1047] [CRITICAL] WORKER TIMEOUT (pid:1164)
[2019-06-04 09:04:52 +0800] [1047] [CRITICAL] WORKER TIMEOUT (pid:1165)
[2019-06-04 09:04:52 +0800] [1047] [CRITICAL] WORKER TIMEOUT (pid:1166)
Not Found: /favicon.ico
[2019-06-05 07:53:53 +0800] [1059] [CRITICAL] WORKER TIMEOUT (pid:1177)
[2019-06-05 07:53:53 +0800] [1059] [CRITICAL] WORKER TIMEOUT (pid:1178)
[2019-06-05 07:53:53 +0800] [1059] [CRITICAL] WORKER TIMEOUT (pid:1175)
Not Found: /favicon.ico
[2019-06-05 19:26:57 +0800] [1219] [CRITICAL] WORKER TIMEOUT (pid:1347)
[2019-06-05 19:26:57 +0800] [1219] [CRITICAL] WORKER TIMEOUT (pid:1348)
[2019-06-05 19:26:57 +0800] [1219] [CRITICAL] WORKER TIMEOUT (pid:1349)
Not Found: /favicon.ico
[2019-06-06 07:57:00 +0800] [975] [CRITICAL] WORKER TIMEOUT (pid:1144)
[2019-06-06 07:57:00 +0800] [975] [CRITICAL] WORKER TIMEOUT (pid:1145)
[2019-06-06 07:57:00 +0800] [975] [CRITICAL] WORKER TIMEOUT (pid:1148)
[2019-06-06 18:59:28 +0800] [1247] [CRITICAL] WORKER TIMEOUT (pid:1440)
[2019-06-06 18:59:28 +0800] [1247] [CRITICAL] WORKER TIMEOUT (pid:1435)
[2019-06-06 18:59:28 +0800] [1247] [CRITICAL] WORKER TIMEOUT (pid:1447)
[2019-06-06 18:59:59 +0800] [1247] [CRITICAL] WORKER TIMEOUT (pid:1586)
[2019-06-06 18:59:59 +0800] [1247] [CRITICAL] WORKER TIMEOUT (pid:1580)
[2019-06-06 18:59:59 +0800] [1247] [CRITICAL] WORKER TIMEOUT (pid:1583)
Not Found: /favicon.ico
[2019-06-07 08:32:28 +0800] [1168] [CRITICAL] WORKER TIMEOUT (pid:1352)
[2019-06-07 08:32:28 +0800] [1168] [CRITICAL] WORKER TIMEOUT (pid:1353)
[2019-06-07 08:32:28 +0800] [1168] [CRITICAL] WORKER TIMEOUT (pid:1354)
Not Found: /favicon.ico
Not Found: /favicon.ico
Not Found: /favicon.ico
Not Found: /favicon.ico
Not Found: /favicon.ico
Not Found: /favicon.ico
Not Found: /favicon.ico
Not Found: /favicon.ico
Not Found: /favicon.ico
Not Found: /apple-touch-icon-precomposed.png
Not Found: /apple-touch-icon.png
Not Found: /favicon.ico
Not Found: /apple-touch-icon-precomposed.png
Not Found: /apple-touch-icon.png
Not Found: /favicon.ico
Not Found: /apple-touch-icon-precomposed.png
Not Found: /apple-touch-icon.png
Not Found: /favicon.ico
Not Found: /apple-touch-icon-precomposed.png
Not Found: /apple-touch-icon.png
Not Found: /favicon.ico
Not Found: /apple-touch-icon-precomposed.png
Not Found: /apple-touch-icon.png
[2019-06-07 18:55:03 +0800] [1200] [CRITICAL] WORKER TIMEOUT (pid:1328)
[2019-06-07 18:55:03 +0800] [1200] [CRITICAL] WORKER TIMEOUT (pid:1329)
[2019-06-07 18:55:03 +0800] [1200] [CRITICAL] WORKER TIMEOUT (pid:1327)
Not Found: /favicon.ico
[2019-06-08 09:43:10 +0800] [1034] [CRITICAL] WORKER TIMEOUT (pid:1160)
[2019-06-08 09:43:10 +0800] [1034] [CRITICAL] WORKER TIMEOUT (pid:1161)
[2019-06-08 09:43:10 +0800] [1034] [CRITICAL] WORKER TIMEOUT (pid:1162)
Not Found: /favicon.ico
[2019-06-09 12:43:56 +0800] [1048] [CRITICAL] WORKER TIMEOUT (pid:1166)
[2019-06-09 12:43:56 +0800] [1048] [CRITICAL] WORKER TIMEOUT (pid:1167)
[2019-06-09 15:24:55 +0800] [1042] [CRITICAL] WORKER TIMEOUT (pid:1155)
[2019-06-09 15:24:55 +0800] [1042] [CRITICAL] WORKER TIMEOUT (pid:1158)
[2019-06-09 15:24:55 +0800] [1042] [CRITICAL] WORKER TIMEOUT (pid:1159)
Internal Server Error: /
Traceback (most recent call last):
  File "/home/pi/project2019/venv/lib/python3.5/site-packages/django/core/handlers/exception.py", line 34, in inner
    response = get_response(request)
  File "/home/pi/project2019/venv/lib/python3.5/site-packages/django/core/handlers/base.py", line 126, in _get_response
    response = self.process_exception_by_middleware(e, request)
  File "/home/pi/project2019/venv/lib/python3.5/site-packages/django/core/handlers/base.py", line 124, in _get_response
    response = wrapped_callback(request, *callback_args, **callback_kwargs)
  File "/home/pi/project2019/inventori/views.py", line 12, in home
    return render(request, 'home.html', {'pembekals': pembekals})
  File "/home/pi/project2019/venv/lib/python3.5/site-packages/django/shortcuts.py", line 36, in render
    content = loader.render_to_string(template_name, context, request, using=using)
  File "/home/pi/project2019/venv/lib/python3.5/site-packages/django/template/loader.py", line 62, in render_to_string
    return template.render(context, request)
  File "/home/pi/project2019/venv/lib/python3.5/site-packages/django/template/backends/django.py", line 61, in render
    return self.template.render(context)
  File "/home/pi/project2019/venv/lib/python3.5/site-packages/django/template/base.py", line 171, in render
    return self._render(context)
  File "/home/pi/project2019/venv/lib/python3.5/site-packages/django/template/base.py", line 163, in _render
    return self.nodelist.render(context)
  File "/home/pi/project2019/venv/lib/python3.5/site-packages/django/template/base.py", line 937, in render
    bit = node.render_annotated(context)
  File "/home/pi/project2019/venv/lib/python3.5/site-packages/django/template/base.py", line 904, in render_annotated
    return self.render(context)
  File "/home/pi/project2019/venv/lib/python3.5/site-packages/django/template/loader_tags.py", line 150, in render
    return compiled_parent._render(context)
  File "/home/pi/project2019/venv/lib/python3.5/site-packages/django/template/base.py", line 163, in _render
    return self.nodelist.render(context)
  File "/home/pi/project2019/venv/lib/python3.5/site-packages/django/template/base.py", line 937, in render
    bit = node.render_annotated(context)
  File "/home/pi/project2019/venv/lib/python3.5/site-packages/django/template/base.py", line 904, in render_annotated
    return self.render(context)
  File "/home/pi/project2019/venv/lib/python3.5/site-packages/django/template/loader_tags.py", line 62, in render
    result = block.nodelist.render(context)
  File "/home/pi/project2019/venv/lib/python3.5/site-packages/django/template/base.py", line 937, in render
    bit = node.render_annotated(context)
  File "/home/pi/project2019/venv/lib/python3.5/site-packages/django/template/base.py", line 904, in render_annotated
    return self.render(context)
  File "/home/pi/project2019/venv/lib/python3.5/site-packages/django/template/defaulttags.py", line 309, in render
    return nodelist.render(context)
  File "/home/pi/project2019/venv/lib/python3.5/site-packages/django/template/base.py", line 937, in render
    bit = node.render_annotated(context)
  File "/home/pi/project2019/venv/lib/python3.5/site-packages/django/template/base.py", line 904, in render_annotated
    return self.render(context)
  File "/home/pi/project2019/venv/lib/python3.5/site-packages/django/template/defaulttags.py", line 442, in render
    url = reverse(view_name, args=args, kwargs=kwargs, current_app=current_app)
  File "/home/pi/project2019/venv/lib/python3.5/site-packages/django/urls/base.py", line 90, in reverse
    return iri_to_uri(resolver._reverse_with_prefix(view, prefix, *args, **kwargs))
  File "/home/pi/project2019/venv/lib/python3.5/site-packages/django/urls/resolvers.py", line 622, in _reverse_with_prefix
    raise NoReverseMatch(msg)
django.urls.exceptions.NoReverseMatch: Reverse for 'upload_image' not found. 'upload_image' is not a valid view function or pattern name.
Internal Server Error: /
Traceback (most recent call last):
  File "/home/pi/project2019/venv/lib/python3.5/site-packages/django/core/handlers/exception.py", line 34, in inner
    response = get_response(request)
  File "/home/pi/project2019/venv/lib/python3.5/site-packages/django/core/handlers/base.py", line 126, in _get_response
    response = self.process_exception_by_middleware(e, request)
  File "/home/pi/project2019/venv/lib/python3.5/site-packages/django/core/handlers/base.py", line 124, in _get_response
    response = wrapped_callback(request, *callback_args, **callback_kwargs)
  File "/home/pi/project2019/inventori/views.py", line 12, in home
    return render(request, 'home.html', {'pembekals': pembekals})
  File "/home/pi/project2019/venv/lib/python3.5/site-packages/django/shortcuts.py", line 36, in render
    content = loader.render_to_string(template_name, context, request, using=using)
  File "/home/pi/project2019/venv/lib/python3.5/site-packages/django/template/loader.py", line 62, in render_to_string
    return template.render(context, request)
  File "/home/pi/project2019/venv/lib/python3.5/site-packages/django/template/backends/django.py", line 61, in render
    return self.template.render(context)
  File "/home/pi/project2019/venv/lib/python3.5/site-packages/django/template/base.py", line 171, in render
    return self._render(context)
  File "/home/pi/project2019/venv/lib/python3.5/site-packages/django/template/base.py", line 163, in _render
    return self.nodelist.render(context)
  File "/home/pi/project2019/venv/lib/python3.5/site-packages/django/template/base.py", line 937, in render
    bit = node.render_annotated(context)
  File "/home/pi/project2019/venv/lib/python3.5/site-packages/django/template/base.py", line 904, in render_annotated
    return self.render(context)
  File "/home/pi/project2019/venv/lib/python3.5/site-packages/django/template/loader_tags.py", line 150, in render
    return compiled_parent._render(context)
  File "/home/pi/project2019/venv/lib/python3.5/site-packages/django/template/base.py", line 163, in _render
    return self.nodelist.render(context)
  File "/home/pi/project2019/venv/lib/python3.5/site-packages/django/template/base.py", line 937, in render
    bit = node.render_annotated(context)
  File "/home/pi/project2019/venv/lib/python3.5/site-packages/django/template/base.py", line 904, in render_annotated
    return self.render(context)
  File "/home/pi/project2019/venv/lib/python3.5/site-packages/django/template/loader_tags.py", line 62, in render
    result = block.nodelist.render(context)
  File "/home/pi/project2019/venv/lib/python3.5/site-packages/django/template/base.py", line 937, in render
    bit = node.render_annotated(context)
  File "/home/pi/project2019/venv/lib/python3.5/site-packages/django/template/base.py", line 904, in render_annotated
    return self.render(context)
  File "/home/pi/project2019/venv/lib/python3.5/site-packages/django/template/defaulttags.py", line 309, in render
    return nodelist.render(context)
  File "/home/pi/project2019/venv/lib/python3.5/site-packages/django/template/base.py", line 937, in render
    bit = node.render_annotated(context)
  File "/home/pi/project2019/venv/lib/python3.5/site-packages/django/template/base.py", line 904, in render_annotated
    return self.render(context)
  File "/home/pi/project2019/venv/lib/python3.5/site-packages/django/template/defaulttags.py", line 442, in render
    url = reverse(view_name, args=args, kwargs=kwargs, current_app=current_app)
  File "/home/pi/project2019/venv/lib/python3.5/site-packages/django/urls/base.py", line 90, in reverse
    return iri_to_uri(resolver._reverse_with_prefix(view, prefix, *args, **kwargs))
  File "/home/pi/project2019/venv/lib/python3.5/site-packages/django/urls/resolvers.py", line 622, in _reverse_with_prefix
    raise NoReverseMatch(msg)
django.urls.exceptions.NoReverseMatch: Reverse for 'upload_image' not found. 'upload_image' is not a valid view function or pattern name.
[2019-06-09 16:06:46 +0800] [1240] [CRITICAL] WORKER TIMEOUT (pid:1365)
[2019-06-09 16:06:46 +0800] [1240] [CRITICAL] WORKER TIMEOUT (pid:1366)
[2019-06-09 16:06:46 +0800] [1240] [CRITICAL] WORKER TIMEOUT (pid:1367)
Not Found: /favicon.ico
Not Found: /favicon.ico
Not Found: /favicon.ico
Not Found: /favicon.ico
Not Found: /favicon.ico
Not Found: /favicon.ico
Not Found: /favicon.ico
Not Found: /pembekal/1/stok/1/inventori/2/edit/
Not Found: /favicon.ico
Not Found: /pembekal/1/stok/1/inventori/2/delete/
Not Found: /favicon.ico
Not Found: /favicon.ico
